c9:44:51 AM - Starting compilation in watch mode...


9:44:53 AM - Found 0 errors. Watching for file changes.
c10:22:18 AM - File change detected. Starting incremental compilation...

Source/Index.ts(62,14): error TS1005: '{' expected.
Source/Index.ts(62,21): error TS1005: ';' expected.
Source/Index.ts(62,34): error TS1005: ';' expected.
Source/Index.ts(63,11): error TS1005: ';' expected.

10:22:18 AM - Found 4 errors. Watching for file changes.
c10:22:46 AM - File change detected. Starting incremental compilation...

Source/Index.ts(62,15): error TS1005: '{' expected.
Source/Index.ts(62,22): error TS1005: ';' expected.
Source/Index.ts(62,35): error TS1005: ';' expected.
Source/Index.ts(63,11): error TS1005: ';' expected.

10:22:46 AM - Found 4 errors. Watching for file changes.
c10:23:05 AM - File change detected. Starting incremental compilation...


10:23:05 AM - Found 0 errors. Watching for file changes.
c10:23:12 AM - File change detected. Starting incremental compilation...

Source/Index.ts(26,15): error TS1005: '{' expected.
Source/Index.ts(26,22): error TS1005: ';' expected.
Source/Index.ts(26,35): error TS1005: ';' expected.
Source/Index.ts(27,11): error TS1005: ';' expected.

10:23:12 AM - Found 4 errors. Watching for file changes.
c10:27:30 AM - File change detected. Starting incremental compilation...


10:27:30 AM - Found 0 errors. Watching for file changes.
c10:28:29 AM - File change detected. Starting incremental compilation...


10:28:29 AM - Found 0 errors. Watching for file changes.
c10:28:32 AM - File change detected. Starting incremental compilation...


10:28:32 AM - Found 0 errors. Watching for file changes.
c10:28:38 AM - File change detected. Starting incremental compilation...


10:28:38 AM - Found 0 errors. Watching for file changes.
c10:29:06 AM - File change detected. Starting incremental compilation...


10:29:07 AM - Found 0 errors. Watching for file changes.
c10:30:08 AM - File change detected. Starting incremental compilation...


10:30:08 AM - Found 0 errors. Watching for file changes.
c10:30:28 AM - File change detected. Starting incremental compilation...


10:30:28 AM - Found 0 errors. Watching for file changes.
c10:32:39 AM - File change detected. Starting incremental compilation...


10:32:39 AM - Found 0 errors. Watching for file changes.
c10:32:45 AM - File change detected. Starting incremental compilation...


10:32:46 AM - Found 0 errors. Watching for file changes.
c10:35:57 AM - File change detected. Starting incremental compilation...


10:35:57 AM - Found 0 errors. Watching for file changes.
c10:37:17 AM - File change detected. Starting incremental compilation...

Source/Index.ts(30,22): error TS2339: Property 'classList' does not exist on type '<T extends Node>(newChild: T) => T'.

10:37:17 AM - Found 1 error. Watching for file changes.
c10:37:34 AM - File change detected. Starting incremental compilation...


10:37:34 AM - Found 0 errors. Watching for file changes.
c10:37:48 AM - File change detected. Starting incremental compilation...


10:37:48 AM - Found 0 errors. Watching for file changes.
c10:37:57 AM - File change detected. Starting incremental compilation...


10:37:57 AM - Found 0 errors. Watching for file changes.
c10:38:48 AM - File change detected. Starting incremental compilation...


10:38:48 AM - Found 0 errors. Watching for file changes.
c10:39:19 AM - File change detected. Starting incremental compilation...


10:39:19 AM - Found 0 errors. Watching for file changes.
c10:39:25 AM - File change detected. Starting incremental compilation...


10:39:25 AM - Found 0 errors. Watching for file changes.
c10:39:34 AM - File change detected. Starting incremental compilation...


10:39:34 AM - Found 0 errors. Watching for file changes.
c10:41:52 AM - File change detected. Starting incremental compilation...

Source/Index.ts(30,19): error TS1146: Declaration expected.

10:41:52 AM - Found 1 error. Watching for file changes.
c10:45:20 AM - File change detected. Starting incremental compilation...


10:45:20 AM - Found 0 errors. Watching for file changes.
c10:45:34 AM - File change detected. Starting incremental compilation...


10:45:34 AM - Found 0 errors. Watching for file changes.
c10:45:50 AM - File change detected. Starting incremental compilation...


10:45:50 AM - Found 0 errors. Watching for file changes.
c10:45:56 AM - File change detected. Starting incremental compilation...


10:45:56 AM - Found 0 errors. Watching for file changes.
c10:46:07 AM - File change detected. Starting incremental compilation...


10:46:07 AM - Found 0 errors. Watching for file changes.
c10:46:20 AM - File change detected. Starting incremental compilation...


10:46:20 AM - Found 0 errors. Watching for file changes.
c10:46:36 AM - File change detected. Starting incremental compilation...


10:46:36 AM - Found 0 errors. Watching for file changes.
c10:46:43 AM - File change detected. Starting incremental compilation...


10:46:43 AM - Found 0 errors. Watching for file changes.
c10:47:38 AM - File change detected. Starting incremental compilation...


10:47:39 AM - Found 0 errors. Watching for file changes.
c10:50:29 AM - File change detected. Starting incremental compilation...


10:50:29 AM - Found 0 errors. Watching for file changes.
c10:50:39 AM - File change detected. Starting incremental compilation...


10:50:39 AM - Found 0 errors. Watching for file changes.
c10:51:38 AM - File change detected. Starting incremental compilation...


10:51:38 AM - Found 0 errors. Watching for file changes.
c10:52:14 AM - File change detected. Starting incremental compilation...


10:52:14 AM - Found 0 errors. Watching for file changes.
c10:52:52 AM - File change detected. Starting incremental compilation...


10:52:52 AM - Found 0 errors. Watching for file changes.
c10:53:54 AM - File change detected. Starting incremental compilation...

Source/Index.ts(34,50): error TS2339: Property 'bind' does not exist on type 'string'.

10:53:54 AM - Found 1 error. Watching for file changes.
c10:56:47 AM - File change detected. Starting incremental compilation...

Source/Index.ts(41,50): error TS2339: Property 'bind' does not exist on type 'string'.

10:56:47 AM - Found 1 error. Watching for file changes.
c10:57:31 AM - File change detected. Starting incremental compilation...

Source/Index.ts(41,50): error TS2339: Property 'bind' does not exist on type 'string'.

10:57:31 AM - Found 1 error. Watching for file changes.
c10:57:54 AM - File change detected. Starting incremental compilation...

Source/Index.ts(41,50): error TS2339: Property 'bind' does not exist on type 'string'.

10:57:54 AM - Found 1 error. Watching for file changes.
c10:59:53 AM - File change detected. Starting incremental compilation...


10:59:53 AM - Found 0 errors. Watching for file changes.
c10:59:59 AM - File change detected. Starting incremental compilation...


10:59:59 AM - Found 0 errors. Watching for file changes.
c10:59:59 AM - File change detected. Starting incremental compilation...


10:59:59 AM - Found 0 errors. Watching for file changes.
c11:00:09 AM - File change detected. Starting incremental compilation...


11:00:09 AM - Found 0 errors. Watching for file changes.
c11:01:57 AM - File change detected. Starting incremental compilation...


11:01:58 AM - Found 0 errors. Watching for file changes.
c11:02:06 AM - File change detected. Starting incremental compilation...


11:02:06 AM - Found 0 errors. Watching for file changes.
c11:02:11 AM - File change detected. Starting incremental compilation...


11:02:11 AM - Found 0 errors. Watching for file changes.
c11:14:49 AM - File change detected. Starting incremental compilation...


11:14:49 AM - Found 0 errors. Watching for file changes.
c11:16:08 AM - File change detected. Starting incremental compilation...


11:16:08 AM - Found 0 errors. Watching for file changes.
c11:16:31 AM - File change detected. Starting incremental compilation...


11:16:32 AM - Found 0 errors. Watching for file changes.
c11:17:15 AM - File change detected. Starting incremental compilation...


11:17:15 AM - Found 0 errors. Watching for file changes.
c11:17:21 AM - File change detected. Starting incremental compilation...


11:17:21 AM - Found 0 errors. Watching for file changes.
c11:17:29 AM - File change detected. Starting incremental compilation...


11:17:29 AM - Found 0 errors. Watching for file changes.
c11:17:32 AM - File change detected. Starting incremental compilation...


11:17:32 AM - Found 0 errors. Watching for file changes.
c11:18:03 AM - File change detected. Starting incremental compilation...


11:18:03 AM - Found 0 errors. Watching for file changes.
c11:18:30 AM - File change detected. Starting incremental compilation...


11:18:30 AM - Found 0 errors. Watching for file changes.
c11:23:21 AM - File change detected. Starting incremental compilation...


11:23:22 AM - Found 0 errors. Watching for file changes.
c11:23:50 AM - File change detected. Starting incremental compilation...


11:23:50 AM - Found 0 errors. Watching for file changes.
c11:23:56 AM - File change detected. Starting incremental compilation...


11:23:56 AM - Found 0 errors. Watching for file changes.
c11:24:13 AM - File change detected. Starting incremental compilation...


11:24:13 AM - Found 0 errors. Watching for file changes.
c11:25:50 AM - File change detected. Starting incremental compilation...


11:25:50 AM - Found 0 errors. Watching for file changes.
c11:26:01 AM - File change detected. Starting incremental compilation...


11:26:01 AM - Found 0 errors. Watching for file changes.
c11:26:17 AM - File change detected. Starting incremental compilation...


11:26:18 AM - Found 0 errors. Watching for file changes.
c11:26:44 AM - File change detected. Starting incremental compilation...


11:26:44 AM - Found 0 errors. Watching for file changes.
c11:26:48 AM - File change detected. Starting incremental compilation...


11:26:48 AM - Found 0 errors. Watching for file changes.
c11:27:49 AM - File change detected. Starting incremental compilation...


11:27:49 AM - Found 0 errors. Watching for file changes.
c11:27:58 AM - File change detected. Starting incremental compilation...


11:27:58 AM - Found 0 errors. Watching for file changes.
c11:29:17 AM - File change detected. Starting incremental compilation...


11:29:17 AM - Found 0 errors. Watching for file changes.
c11:31:45 AM - File change detected. Starting incremental compilation...


11:31:45 AM - Found 0 errors. Watching for file changes.
c11:31:45 AM - File change detected. Starting incremental compilation...


11:31:45 AM - Found 0 errors. Watching for file changes.
c11:36:04 AM - File change detected. Starting incremental compilation...


11:36:04 AM - Found 0 errors. Watching for file changes.
c11:37:14 AM - File change detected. Starting incremental compilation...


11:37:14 AM - Found 0 errors. Watching for file changes.
c11:39:22 AM - File change detected. Starting incremental compilation...

Source/Particles/BooleanEventSwitchParticle.ts(26,2): error TS1005: '}' expected.

11:39:22 AM - Found 1 error. Watching for file changes.
c11:40:34 AM - File change detected. Starting incremental compilation...

Source/Particles/BooleanEventSwitchParticle.ts(31,2): error TS1005: '}' expected.

11:40:34 AM - Found 1 error. Watching for file changes.
c11:40:52 AM - File change detected. Starting incremental compilation...

Source/Particles/BooleanEventSwitchParticle.ts(31,2): error TS1005: '}' expected.

11:40:52 AM - Found 1 error. Watching for file changes.
c11:42:06 AM - File change detected. Starting incremental compilation...

Source/Particles/BooleanEventSwitchParticle.ts(31,2): error TS1005: '}' expected.

11:42:06 AM - Found 1 error. Watching for file changes.
c11:42:07 AM - File change detected. Starting incremental compilation...

Source/Particles/BooleanEventSwitchParticle.ts(31,2): error TS1005: '}' expected.

11:42:08 AM - Found 1 error. Watching for file changes.
c11:43:18 AM - File change detected. Starting incremental compilation...


11:43:18 AM - Found 0 errors. Watching for file changes.
c11:46:09 AM - File change detected. Starting incremental compilation...


11:46:10 AM - Found 0 errors. Watching for file changes.
c11:47:47 AM - File change detected. Starting incremental compilation...


11:47:47 AM - Found 0 errors. Watching for file changes.
c1:16:09 PM - File change detected. Starting incremental compilation...


1:16:09 PM - Found 0 errors. Watching for file changes.
c1:17:04 PM - File change detected. Starting incremental compilation...

Source/Index.ts(162,19): error TS1109: Expression expected.

1:17:04 PM - Found 1 error. Watching for file changes.
c1:17:59 PM - File change detected. Starting incremental compilation...


1:17:59 PM - Found 0 errors. Watching for file changes.
c1:20:33 PM - File change detected. Starting incremental compilation...


1:20:33 PM - Found 0 errors. Watching for file changes.
c1:20:40 PM - File change detected. Starting incremental compilation...


1:20:40 PM - Found 0 errors. Watching for file changes.
c1:21:15 PM - File change detected. Starting incremental compilation...


1:21:15 PM - Found 0 errors. Watching for file changes.
c1:21:53 PM - File change detected. Starting incremental compilation...


1:21:53 PM - Found 0 errors. Watching for file changes.
c1:22:42 PM - File change detected. Starting incremental compilation...


1:22:42 PM - Found 0 errors. Watching for file changes.
c1:22:55 PM - File change detected. Starting incremental compilation...


1:22:55 PM - Found 0 errors. Watching for file changes.
c1:26:45 PM - File change detected. Starting incremental compilation...


1:26:45 PM - Found 0 errors. Watching for file changes.
c1:30:36 PM - File change detected. Starting incremental compilation...

Source/Index.ts(158,3): error TS2416: Property 'Style' in type 'Modal' is not assignable to the same property in base type 'Manager'.
  Type '{}' is not assignable to type '{ display: string; }'.
    Property 'display' is missing in type '{}'.

1:30:36 PM - Found 1 error. Watching for file changes.
c1:30:51 PM - File change detected. Starting incremental compilation...


1:30:51 PM - Found 0 errors. Watching for file changes.
c1:30:53 PM - File change detected. Starting incremental compilation...


1:30:53 PM - Found 0 errors. Watching for file changes.
c1:31:14 PM - File change detected. Starting incremental compilation...


1:31:14 PM - Found 0 errors. Watching for file changes.
c1:33:18 PM - File change detected. Starting incremental compilation...


1:33:18 PM - Found 0 errors. Watching for file changes.
c1:33:35 PM - File change detected. Starting incremental compilation...


1:33:35 PM - Found 0 errors. Watching for file changes.
c1:35:05 PM - File change detected. Starting incremental compilation...


1:35:05 PM - Found 0 errors. Watching for file changes.
c1:35:11 PM - File change detected. Starting incremental compilation...


1:35:11 PM - Found 0 errors. Watching for file changes.
c1:38:59 PM - File change detected. Starting incremental compilation...


1:38:59 PM - Found 0 errors. Watching for file changes.
c1:40:51 PM - File change detected. Starting incremental compilation...

Source/Index.ts(152,39): error TS2339: Property 'OnLinkClick' does not exist on type 'Button'.

1:40:52 PM - Found 1 error. Watching for file changes.
c1:41:18 PM - File change detected. Starting incremental compilation...

Source/Index.ts(157,8): error TS2339: Property 'Active' does not exist on type 'Button'.

1:41:18 PM - Found 1 error. Watching for file changes.
c1:42:07 PM - File change detected. Starting incremental compilation...

Source/Index.ts(157,3): error TS2322: Type 'string' is not assignable to type 'boolean'.
Source/Index.ts(177,23): error TS2576: Property 'displayStatus' is a static member of type 'Modal'

1:42:07 PM - Found 2 errors. Watching for file changes.
c1:42:51 PM - File change detected. Starting incremental compilation...

Source/Index.ts(177,23): error TS2576: Property 'displayStatus' is a static member of type 'Modal'

1:42:51 PM - Found 1 error. Watching for file changes.
c1:43:03 PM - File change detected. Starting incremental compilation...

Source/Index.ts(177,23): error TS2576: Property 'displayStatus' is a static member of type 'Modal'

1:43:03 PM - Found 1 error. Watching for file changes.
c1:44:20 PM - File change detected. Starting incremental compilation...

Source/Index.ts(177,23): error TS2576: Property 'displayStatus' is a static member of type 'Modal'

1:44:20 PM - Found 1 error. Watching for file changes.
c1:45:04 PM - File change detected. Starting incremental compilation...

Source/Index.ts(177,23): error TS2576: Property 'displayStatus' is a static member of type 'Modal'

1:45:04 PM - Found 1 error. Watching for file changes.
c1:45:30 PM - File change detected. Starting incremental compilation...

Source/Index.ts(177,23): error TS2576: Property 'displayStatus' is a static member of type 'Modal'

1:45:30 PM - Found 1 error. Watching for file changes.
c1:45:50 PM - File change detected. Starting incremental compilation...

Source/Index.ts(178,23): error TS2576: Property 'displayStatus' is a static member of type 'Modal'

1:45:50 PM - Found 1 error. Watching for file changes.
c1:46:23 PM - File change detected. Starting incremental compilation...

Source/Index.ts(178,23): error TS2576: Property 'displayStatus' is a static member of type 'Modal'

1:46:23 PM - Found 1 error. Watching for file changes.
c1:46:31 PM - File change detected. Starting incremental compilation...

Source/Index.ts(178,23): error TS2576: Property 'displayStatus' is a static member of type 'Modal'

1:46:31 PM - Found 1 error. Watching for file changes.
c1:46:46 PM - File change detected. Starting incremental compilation...

Source/Index.ts(178,23): error TS2576: Property 'displayStatus' is a static member of type 'Modal'

1:46:46 PM - Found 1 error. Watching for file changes.
c1:47:08 PM - File change detected. Starting incremental compilation...

Source/Index.ts(178,23): error TS2576: Property 'displayStatus' is a static member of type 'Modal'

1:47:08 PM - Found 1 error. Watching for file changes.
c1:47:20 PM - File change detected. Starting incremental compilation...

Source/Index.ts(177,23): error TS2576: Property 'displayStatus' is a static member of type 'Modal'

1:47:20 PM - Found 1 error. Watching for file changes.
c1:48:37 PM - File change detected. Starting incremental compilation...

Source/Index.ts(157,22): error TS2339: Property 'displayStatus' does not exist on type 'typeof Modal'.
Source/Index.ts(157,45): error TS2339: Property 'displayStatus' does not exist on type 'typeof Modal'.

1:48:37 PM - Found 2 errors. Watching for file changes.
c1:48:54 PM - File change detected. Starting incremental compilation...

Source/Index.ts(157,22): error TS2339: Property 'displayStatus' does not exist on type 'typeof Modal'.
Source/Index.ts(157,45): error TS2339: Property 'displayStatus' does not exist on type 'typeof Modal'.

1:48:54 PM - Found 2 errors. Watching for file changes.
c1:49:35 PM - File change detected. Starting incremental compilation...

Source/Index.ts(157,22): error TS2339: Property 'displayStatus' does not exist on type 'typeof Modal'.
Source/Index.ts(157,45): error TS2339: Property 'displayStatus' does not exist on type 'typeof Modal'.

1:49:35 PM - Found 2 errors. Watching for file changes.
c1:50:45 PM - File change detected. Starting incremental compilation...


1:50:45 PM - Found 0 errors. Watching for file changes.
c1:51:15 PM - File change detected. Starting incremental compilation...


1:51:15 PM - Found 0 errors. Watching for file changes.
c1:51:15 PM - File change detected. Starting incremental compilation...


1:51:15 PM - Found 0 errors. Watching for file changes.
c1:51:39 PM - File change detected. Starting incremental compilation...


1:51:39 PM - Found 0 errors. Watching for file changes.
c1:55:34 PM - File change detected. Starting incremental compilation...


1:55:34 PM - Found 0 errors. Watching for file changes.
c1:56:58 PM - File change detected. Starting incremental compilation...


1:56:58 PM - Found 0 errors. Watching for file changes.
c1:57:05 PM - File change detected. Starting incremental compilation...


1:57:05 PM - Found 0 errors. Watching for file changes.
c1:59:57 PM - File change detected. Starting incremental compilation...


1:59:57 PM - Found 0 errors. Watching for file changes.
c2:02:41 PM - File change detected. Starting incremental compilation...


2:02:41 PM - Found 0 errors. Watching for file changes.
c2:08:21 PM - File change detected. Starting incremental compilation...


2:08:21 PM - Found 0 errors. Watching for file changes.
c2:08:23 PM - File change detected. Starting incremental compilation...


2:08:24 PM - Found 0 errors. Watching for file changes.
c2:17:50 PM - File change detected. Starting incremental compilation...


2:17:50 PM - Found 0 errors. Watching for file changes.
c2:18:53 PM - File change detected. Starting incremental compilation...


2:18:53 PM - Found 0 errors. Watching for file changes.
c2:19:07 PM - File change detected. Starting incremental compilation...


2:19:07 PM - Found 0 errors. Watching for file changes.
c2:19:32 PM - File change detected. Starting incremental compilation...


2:19:33 PM - Found 0 errors. Watching for file changes.
c2:21:15 PM - File change detected. Starting incremental compilation...


2:21:15 PM - Found 0 errors. Watching for file changes.
c2:21:33 PM - File change detected. Starting incremental compilation...


2:21:33 PM - Found 0 errors. Watching for file changes.
c2:21:51 PM - File change detected. Starting incremental compilation...


2:21:51 PM - Found 0 errors. Watching for file changes.
c2:28:00 PM - File change detected. Starting incremental compilation...


2:28:00 PM - Found 0 errors. Watching for file changes.
c2:29:08 PM - File change detected. Starting incremental compilation...


2:29:08 PM - Found 0 errors. Watching for file changes.
c2:29:33 PM - File change detected. Starting incremental compilation...


2:29:33 PM - Found 0 errors. Watching for file changes.
c2:31:00 PM - File change detected. Starting incremental compilation...


2:31:00 PM - Found 0 errors. Watching for file changes.
c2:31:03 PM - File change detected. Starting incremental compilation...


2:31:03 PM - Found 0 errors. Watching for file changes.
c2:31:32 PM - File change detected. Starting incremental compilation...


2:31:32 PM - Found 0 errors. Watching for file changes.
c2:31:48 PM - File change detected. Starting incremental compilation...


2:31:48 PM - Found 0 errors. Watching for file changes.
c2:36:23 PM - File change detected. Starting incremental compilation...


2:36:24 PM - Found 0 errors. Watching for file changes.
c2:42:01 PM - File change detected. Starting incremental compilation...

Source/Index.ts(158,11): error TS1005: ';' expected.
Source/Index.ts(189,7): error TS1005: ';' expected.
Source/Index.ts(189,14): error TS1005: ';' expected.
Source/Index.ts(189,36): error TS1005: ';' expected.
Source/Index.ts(199,35): error TS1146: Declaration expected.
Source/Index.ts(200,10): error TS1005: ';' expected.
Source/Index.ts(224,15): error TS1005: ',' expected.
Source/Index.ts(224,28): error TS1005: ';' expected.

2:42:01 PM - Found 8 errors. Watching for file changes.
c2:42:56 PM - File change detected. Starting incremental compilation...

Source/Index.ts(160,11): error TS1005: ';' expected.
Source/Index.ts(191,7): error TS1005: ';' expected.
Source/Index.ts(191,14): error TS1005: ';' expected.
Source/Index.ts(191,36): error TS1005: ';' expected.
Source/Index.ts(201,35): error TS1146: Declaration expected.
Source/Index.ts(202,10): error TS1005: ';' expected.
Source/Index.ts(226,15): error TS1005: ',' expected.
Source/Index.ts(226,28): error TS1005: ';' expected.

2:42:56 PM - Found 8 errors. Watching for file changes.
c2:43:31 PM - File change detected. Starting incremental compilation...


2:43:31 PM - Found 0 errors. Watching for file changes.
c2:44:54 PM - File change detected. Starting incremental compilation...


2:44:55 PM - Found 0 errors. Watching for file changes.
c2:46:37 PM - File change detected. Starting incremental compilation...


2:46:37 PM - Found 0 errors. Watching for file changes.
c2:47:13 PM - File change detected. Starting incremental compilation...


2:47:13 PM - Found 0 errors. Watching for file changes.
c2:47:22 PM - File change detected. Starting incremental compilation...


2:47:23 PM - Found 0 errors. Watching for file changes.
c2:47:32 PM - File change detected. Starting incremental compilation...


2:47:32 PM - Found 0 errors. Watching for file changes.
c2:50:20 PM - File change detected. Starting incremental compilation...


2:50:20 PM - Found 0 errors. Watching for file changes.
c2:50:32 PM - File change detected. Starting incremental compilation...


2:50:32 PM - Found 0 errors. Watching for file changes.
c3:05:36 PM - File change detected. Starting incremental compilation...


3:05:36 PM - Found 0 errors. Watching for file changes.
c3:08:54 PM - File change detected. Starting incremental compilation...


3:08:54 PM - Found 0 errors. Watching for file changes.
c3:10:31 PM - File change detected. Starting incremental compilation...

Source/Index.ts(225,39): error TS2551: Property 'OnClick' does not exist on type 'Button'. Did you mean 'onclick'?

3:10:31 PM - Found 1 error. Watching for file changes.
c3:10:48 PM - File change detected. Starting incremental compilation...


3:10:48 PM - Found 0 errors. Watching for file changes.
c3:10:55 PM - File change detected. Starting incremental compilation...


3:10:55 PM - Found 0 errors. Watching for file changes.
c3:11:05 PM - File change detected. Starting incremental compilation...


3:11:05 PM - Found 0 errors. Watching for file changes.
c3:11:18 PM - File change detected. Starting incremental compilation...

Source/Index.ts(233,1): error TS1005: ':' expected.

3:11:19 PM - Found 1 error. Watching for file changes.
c3:11:41 PM - File change detected. Starting incremental compilation...


3:11:42 PM - Found 0 errors. Watching for file changes.
c3:11:48 PM - File change detected. Starting incremental compilation...


3:11:48 PM - Found 0 errors. Watching for file changes.
c3:13:40 PM - File change detected. Starting incremental compilation...


3:13:40 PM - Found 0 errors. Watching for file changes.
c3:14:00 PM - File change detected. Starting incremental compilation...


3:14:00 PM - Found 0 errors. Watching for file changes.
c3:14:16 PM - File change detected. Starting incremental compilation...


3:14:16 PM - Found 0 errors. Watching for file changes.
c3:14:35 PM - File change detected. Starting incremental compilation...


3:14:35 PM - Found 0 errors. Watching for file changes.
c3:14:59 PM - File change detected. Starting incremental compilation...


3:14:59 PM - Found 0 errors. Watching for file changes.
c3:15:02 PM - File change detected. Starting incremental compilation...


3:15:02 PM - Found 0 errors. Watching for file changes.
c3:15:46 PM - File change detected. Starting incremental compilation...


3:15:46 PM - Found 0 errors. Watching for file changes.
c3:17:41 PM - File change detected. Starting incremental compilation...


3:17:41 PM - Found 0 errors. Watching for file changes.
c3:19:01 PM - File change detected. Starting incremental compilation...


3:19:01 PM - Found 0 errors. Watching for file changes.
c3:19:09 PM - File change detected. Starting incremental compilation...


3:19:09 PM - Found 0 errors. Watching for file changes.
c3:19:13 PM - File change detected. Starting incremental compilation...


3:19:13 PM - Found 0 errors. Watching for file changes.
c3:19:36 PM - File change detected. Starting incremental compilation...


3:19:37 PM - Found 0 errors. Watching for file changes.
c3:19:39 PM - File change detected. Starting incremental compilation...


3:19:39 PM - Found 0 errors. Watching for file changes.
c3:19:50 PM - File change detected. Starting incremental compilation...


3:19:50 PM - Found 0 errors. Watching for file changes.
c3:19:56 PM - File change detected. Starting incremental compilation...


3:19:56 PM - Found 0 errors. Watching for file changes.
c3:21:00 PM - File change detected. Starting incremental compilation...


3:21:00 PM - Found 0 errors. Watching for file changes.
c3:21:50 PM - File change detected. Starting incremental compilation...


3:21:50 PM - Found 0 errors. Watching for file changes.
c3:21:52 PM - File change detected. Starting incremental compilation...


3:21:52 PM - Found 0 errors. Watching for file changes.
c3:22:08 PM - File change detected. Starting incremental compilation...


3:22:08 PM - Found 0 errors. Watching for file changes.
c3:22:52 PM - File change detected. Starting incremental compilation...


3:22:52 PM - Found 0 errors. Watching for file changes.
c3:22:56 PM - File change detected. Starting incremental compilation...


3:22:57 PM - Found 0 errors. Watching for file changes.
c3:23:18 PM - File change detected. Starting incremental compilation...


3:23:18 PM - Found 0 errors. Watching for file changes.
c3:23:40 PM - File change detected. Starting incremental compilation...


3:23:40 PM - Found 0 errors. Watching for file changes.
c3:24:42 PM - File change detected. Starting incremental compilation...


3:24:43 PM - Found 0 errors. Watching for file changes.
c3:25:06 PM - File change detected. Starting incremental compilation...


3:25:07 PM - Found 0 errors. Watching for file changes.
c3:25:30 PM - File change detected. Starting incremental compilation...


3:25:30 PM - Found 0 errors. Watching for file changes.
c3:25:39 PM - File change detected. Starting incremental compilation...


3:25:39 PM - Found 0 errors. Watching for file changes.
c3:25:40 PM - File change detected. Starting incremental compilation...


3:25:40 PM - Found 0 errors. Watching for file changes.
c3:26:04 PM - File change detected. Starting incremental compilation...


3:26:04 PM - Found 0 errors. Watching for file changes.
c3:28:33 PM - File change detected. Starting incremental compilation...


3:28:33 PM - Found 0 errors. Watching for file changes.
c3:29:13 PM - File change detected. Starting incremental compilation...


3:29:13 PM - Found 0 errors. Watching for file changes.
c3:30:16 PM - File change detected. Starting incremental compilation...


3:30:16 PM - Found 0 errors. Watching for file changes.
c3:30:21 PM - File change detected. Starting incremental compilation...


3:30:21 PM - Found 0 errors. Watching for file changes.
c3:30:27 PM - File change detected. Starting incremental compilation...


3:30:27 PM - Found 0 errors. Watching for file changes.
c3:31:35 PM - File change detected. Starting incremental compilation...


3:31:35 PM - Found 0 errors. Watching for file changes.
c3:32:31 PM - File change detected. Starting incremental compilation...


3:32:32 PM - Found 0 errors. Watching for file changes.
c3:33:17 PM - File change detected. Starting incremental compilation...

Source/Lib/Particles/EventParticle.ts(46,13): error TS2339: Property 'FirstRender' does not exist on type 'EEBase'.

3:33:18 PM - Found 1 error. Watching for file changes.
c3:33:35 PM - File change detected. Starting incremental compilation...


3:33:35 PM - Found 0 errors. Watching for file changes.
c3:33:54 PM - File change detected. Starting incremental compilation...

Source/Lib/Particles/EventParticle.ts(47,33): error TS1034: 'super' must be followed by an argument list or member access.

3:33:54 PM - Found 1 error. Watching for file changes.
c3:34:00 PM - File change detected. Starting incremental compilation...

Source/Lib/Particles/EventParticle.ts(47,33): error TS1034: 'super' must be followed by an argument list or member access.

3:34:00 PM - Found 1 error. Watching for file changes.
c3:34:12 PM - File change detected. Starting incremental compilation...

Source/Lib/Particles/EventParticle.ts(47,33): error TS1034: 'super' must be followed by an argument list or member access.

3:34:12 PM - Found 1 error. Watching for file changes.
c3:34:17 PM - File change detected. Starting incremental compilation...

Source/Lib/Particles/EventParticle.ts(46,33): error TS1034: 'super' must be followed by an argument list or member access.

3:34:17 PM - Found 1 error. Watching for file changes.
c3:34:42 PM - File change detected. Starting incremental compilation...


3:34:42 PM - Found 0 errors. Watching for file changes.
c3:35:06 PM - File change detected. Starting incremental compilation...


3:35:06 PM - Found 0 errors. Watching for file changes.
c3:35:07 PM - File change detected. Starting incremental compilation...


3:35:07 PM - Found 0 errors. Watching for file changes.
c3:35:22 PM - File change detected. Starting incremental compilation...


3:35:22 PM - Found 0 errors. Watching for file changes.
c3:35:29 PM - File change detected. Starting incremental compilation...


3:35:29 PM - Found 0 errors. Watching for file changes.
c3:35:35 PM - File change detected. Starting incremental compilation...


3:35:35 PM - Found 0 errors. Watching for file changes.
c3:36:48 PM - File change detected. Starting incremental compilation...


3:36:48 PM - Found 0 errors. Watching for file changes.
c3:39:17 PM - File change detected. Starting incremental compilation...

Source/Lib/Particles/EventParticle.ts(9,71): error TS1005: ',' expected.

3:39:17 PM - Found 1 error. Watching for file changes.
c3:39:18 PM - File change detected. Starting incremental compilation...

Source/Lib/Particles/EventParticle.ts(9,71): error TS1005: ',' expected.

3:39:18 PM - Found 1 error. Watching for file changes.
c3:39:40 PM - File change detected. Starting incremental compilation...

Source/Lib/Particles/EventParticle.ts(9,71): error TS1005: ',' expected.

3:39:41 PM - Found 1 error. Watching for file changes.
c3:41:16 PM - File change detected. Starting incremental compilation...

Source/Lib/Particles/EventParticle.ts(9,71): error TS1005: ',' expected.
Source/Lib/Particles/EventParticle.ts(62,83): error TS1005: ';' expected.
Source/Lib/Particles/EventParticle.ts(63,6): error TS1068: Unexpected token. A constructor, method, accessor, or property was expected.
Source/Lib/Particles/EventParticle.ts(64,8): error TS1003: Identifier expected.
Source/Lib/Particles/EventParticle.ts(64,18): error TS1138: Parameter declaration expected.
Source/Lib/Particles/EventParticle.ts(64,31): error TS1005: ';' expected.
Source/Lib/Particles/EventParticle.ts(70,13): error TS1005: ',' expected.
Source/Lib/Particles/EventParticle.ts(70,27): error TS1005: ',' expected.
Source/Lib/Particles/EventParticle.ts(70,34): error TS1005: ';' expected.
Source/Lib/Particles/EventParticle.ts(73,3): error TS1128: Declaration or statement expected.
Source/Lib/Particles/EventParticle.ts(74,1): error TS1128: Declaration or statement expected.

3:41:16 PM - Found 11 errors. Watching for file changes.
c3:41:33 PM - File change detected. Starting incremental compilation...

Source/Lib/Particles/EventParticle.ts(9,71): error TS1005: ',' expected.

3:41:33 PM - Found 1 error. Watching for file changes.
c3:41:41 PM - File change detected. Starting incremental compilation...


3:41:41 PM - Found 0 errors. Watching for file changes.
c3:41:42 PM - File change detected. Starting incremental compilation...


3:41:42 PM - Found 0 errors. Watching for file changes.
c3:42:07 PM - File change detected. Starting incremental compilation...


3:42:07 PM - Found 0 errors. Watching for file changes.
c3:42:28 PM - File change detected. Starting incremental compilation...


3:42:28 PM - Found 0 errors. Watching for file changes.
c3:43:12 PM - File change detected. Starting incremental compilation...


3:43:13 PM - Found 0 errors. Watching for file changes.
c3:45:11 PM - File change detected. Starting incremental compilation...


3:45:11 PM - Found 0 errors. Watching for file changes.
c3:45:26 PM - File change detected. Starting incremental compilation...


3:45:26 PM - Found 0 errors. Watching for file changes.
c3:45:36 PM - File change detected. Starting incremental compilation...


3:45:36 PM - Found 0 errors. Watching for file changes.
c3:45:43 PM - File change detected. Starting incremental compilation...


3:45:43 PM - Found 0 errors. Watching for file changes.
c3:45:55 PM - File change detected. Starting incremental compilation...


3:45:55 PM - Found 0 errors. Watching for file changes.
c3:46:04 PM - File change detected. Starting incremental compilation...


3:46:04 PM - Found 0 errors. Watching for file changes.
c3:46:24 PM - File change detected. Starting incremental compilation...


3:46:24 PM - Found 0 errors. Watching for file changes.
c3:46:35 PM - File change detected. Starting incremental compilation...


3:46:35 PM - Found 0 errors. Watching for file changes.
c3:46:44 PM - File change detected. Starting incremental compilation...


3:46:44 PM - Found 0 errors. Watching for file changes.
c3:46:47 PM - File change detected. Starting incremental compilation...


3:46:47 PM - Found 0 errors. Watching for file changes.
c3:47:36 PM - File change detected. Starting incremental compilation...


3:47:36 PM - Found 0 errors. Watching for file changes.
c3:47:41 PM - File change detected. Starting incremental compilation...


3:47:41 PM - Found 0 errors. Watching for file changes.
c3:53:59 PM - File change detected. Starting incremental compilation...


3:53:59 PM - Found 0 errors. Watching for file changes.
c3:54:34 PM - File change detected. Starting incremental compilation...


3:54:34 PM - Found 0 errors. Watching for file changes.
c3:55:01 PM - File change detected. Starting incremental compilation...


3:55:01 PM - Found 0 errors. Watching for file changes.
c3:55:13 PM - File change detected. Starting incremental compilation...


3:55:13 PM - Found 0 errors. Watching for file changes.
c3:55:13 PM - File change detected. Starting incremental compilation...


3:55:13 PM - Found 0 errors. Watching for file changes.
c3:56:50 PM - File change detected. Starting incremental compilation...


3:56:51 PM - Found 0 errors. Watching for file changes.
c3:57:02 PM - File change detected. Starting incremental compilation...


3:57:02 PM - Found 0 errors. Watching for file changes.
c3:59:34 PM - File change detected. Starting incremental compilation...


3:59:34 PM - Found 0 errors. Watching for file changes.
c3:59:41 PM - File change detected. Starting incremental compilation...


3:59:41 PM - Found 0 errors. Watching for file changes.
c4:04:34 PM - File change detected. Starting incremental compilation...


4:04:34 PM - Found 0 errors. Watching for file changes.
c4:04:58 PM - File change detected. Starting incremental compilation...


4:04:59 PM - Found 0 errors. Watching for file changes.
c4:07:55 PM - File change detected. Starting incremental compilation...


4:07:55 PM - Found 0 errors. Watching for file changes.
c4:10:38 PM - File change detected. Starting incremental compilation...


4:10:38 PM - Found 0 errors. Watching for file changes.
c4:10:43 PM - File change detected. Starting incremental compilation...


4:10:43 PM - Found 0 errors. Watching for file changes.
c4:11:08 PM - File change detected. Starting incremental compilation...


4:11:09 PM - Found 0 errors. Watching for file changes.
c4:11:28 PM - File change detected. Starting incremental compilation...

Source/Index.ts(175,17): error TS7006: Parameter 'Value' implicitly has an 'any' type.

4:11:28 PM - Found 1 error. Watching for file changes.
c4:11:28 PM - File change detected. Starting incremental compilation...

Source/Index.ts(175,17): error TS7006: Parameter 'Value' implicitly has an 'any' type.

4:11:28 PM - Found 1 error. Watching for file changes.
c4:11:56 PM - File change detected. Starting incremental compilation...

Source/Index.ts(175,17): error TS7006: Parameter 'Value' implicitly has an 'any' type.

4:11:56 PM - Found 1 error. Watching for file changes.
c4:12:01 PM - File change detected. Starting incremental compilation...

Source/Index.ts(175,17): error TS7006: Parameter 'Value' implicitly has an 'any' type.

4:12:01 PM - Found 1 error. Watching for file changes.
c4:12:22 PM - File change detected. Starting incremental compilation...

Source/Index.ts(175,17): error TS7006: Parameter 'Value' implicitly has an 'any' type.

4:12:22 PM - Found 1 error. Watching for file changes.
c4:12:30 PM - File change detected. Starting incremental compilation...

Source/Index.ts(175,17): error TS7006: Parameter 'Value' implicitly has an 'any' type.

4:12:30 PM - Found 1 error. Watching for file changes.
c4:12:41 PM - File change detected. Starting incremental compilation...

Source/Index.ts(174,17): error TS7006: Parameter 'Value' implicitly has an 'any' type.

4:12:41 PM - Found 1 error. Watching for file changes.
c4:13:53 PM - File change detected. Starting incremental compilation...

Source/Index.ts(174,17): error TS7006: Parameter 'Value' implicitly has an 'any' type.

4:13:53 PM - Found 1 error. Watching for file changes.
c4:14:06 PM - File change detected. Starting incremental compilation...

Source/Index.ts(174,17): error TS7006: Parameter 'Value' implicitly has an 'any' type.

4:14:06 PM - Found 1 error. Watching for file changes.
c4:16:24 PM - File change detected. Starting incremental compilation...


4:16:24 PM - Found 0 errors. Watching for file changes.
c4:16:56 PM - File change detected. Starting incremental compilation...

Source/Index.ts(176,17): error TS7006: Parameter 'Value' implicitly has an 'any' type.

4:16:56 PM - Found 1 error. Watching for file changes.
c4:17:16 PM - File change detected. Starting incremental compilation...

Source/Index.ts(176,17): error TS7006: Parameter 'Value' implicitly has an 'any' type.

4:17:16 PM - Found 1 error. Watching for file changes.
c4:17:25 PM - File change detected. Starting incremental compilation...

Source/Index.ts(176,17): error TS7006: Parameter 'Value' implicitly has an 'any' type.

4:17:25 PM - Found 1 error. Watching for file changes.
c4:18:57 PM - File change detected. Starting incremental compilation...

Source/Index.ts(175,4): error TS2304: Cannot find name 'Check'.
Source/Index.ts(177,17): error TS7006: Parameter 'Value' implicitly has an 'any' type.

4:18:57 PM - Found 2 errors. Watching for file changes.
c4:23:34 PM - File change detected. Starting incremental compilation...


4:23:34 PM - Found 0 errors. Watching for file changes.
c4:23:35 PM - File change detected. Starting incremental compilation...


4:23:35 PM - Found 0 errors. Watching for file changes.
c4:23:50 PM - File change detected. Starting incremental compilation...


4:23:50 PM - Found 0 errors. Watching for file changes.
c4:23:59 PM - File change detected. Starting incremental compilation...


4:23:59 PM - Found 0 errors. Watching for file changes.
c4:24:05 PM - File change detected. Starting incremental compilation...


4:24:05 PM - Found 0 errors. Watching for file changes.
c4:24:14 PM - File change detected. Starting incremental compilation...


4:24:14 PM - Found 0 errors. Watching for file changes.
c4:25:18 PM - File change detected. Starting incremental compilation...


4:25:18 PM - Found 0 errors. Watching for file changes.
c4:26:08 PM - File change detected. Starting incremental compilation...


4:26:08 PM - Found 0 errors. Watching for file changes.
c4:27:47 PM - File change detected. Starting incremental compilation...


4:27:47 PM - Found 0 errors. Watching for file changes.
c4:27:53 PM - File change detected. Starting incremental compilation...


4:27:53 PM - Found 0 errors. Watching for file changes.
c4:27:55 PM - File change detected. Starting incremental compilation...


4:27:55 PM - Found 0 errors. Watching for file changes.
c4:27:55 PM - File change detected. Starting incremental compilation...


4:27:55 PM - Found 0 errors. Watching for file changes.
c4:28:22 PM - File change detected. Starting incremental compilation...


4:28:22 PM - Found 0 errors. Watching for file changes.
c4:28:48 PM - File change detected. Starting incremental compilation...


4:28:49 PM - Found 0 errors. Watching for file changes.
c4:28:51 PM - File change detected. Starting incremental compilation...


4:28:51 PM - Found 0 errors. Watching for file changes.
c4:29:01 PM - File change detected. Starting incremental compilation...


4:29:01 PM - Found 0 errors. Watching for file changes.
c4:29:27 PM - File change detected. Starting incremental compilation...


4:29:28 PM - Found 0 errors. Watching for file changes.
c4:29:34 PM - File change detected. Starting incremental compilation...


4:29:34 PM - Found 0 errors. Watching for file changes.
c4:29:39 PM - File change detected. Starting incremental compilation...


4:29:39 PM - Found 0 errors. Watching for file changes.
c4:29:41 PM - File change detected. Starting incremental compilation...


4:29:41 PM - Found 0 errors. Watching for file changes.
c4:29:42 PM - File change detected. Starting incremental compilation...


4:29:42 PM - Found 0 errors. Watching for file changes.
c4:29:52 PM - File change detected. Starting incremental compilation...


4:29:52 PM - Found 0 errors. Watching for file changes.
c4:29:53 PM - File change detected. Starting incremental compilation...


4:29:53 PM - Found 0 errors. Watching for file changes.
c4:30:01 PM - File change detected. Starting incremental compilation...


4:30:01 PM - Found 0 errors. Watching for file changes.
c4:30:05 PM - File change detected. Starting incremental compilation...


4:30:05 PM - Found 0 errors. Watching for file changes.
c4:33:14 PM - File change detected. Starting incremental compilation...


4:33:14 PM - Found 0 errors. Watching for file changes.
c4:33:23 PM - File change detected. Starting incremental compilation...


4:33:23 PM - Found 0 errors. Watching for file changes.
c4:33:39 PM - File change detected. Starting incremental compilation...


4:33:39 PM - Found 0 errors. Watching for file changes.
c4:33:58 PM - File change detected. Starting incremental compilation...


4:33:58 PM - Found 0 errors. Watching for file changes.
c4:34:25 PM - File change detected. Starting incremental compilation...


4:34:25 PM - Found 0 errors. Watching for file changes.
c4:34:31 PM - File change detected. Starting incremental compilation...


4:34:31 PM - Found 0 errors. Watching for file changes.
c4:34:40 PM - File change detected. Starting incremental compilation...


4:34:40 PM - Found 0 errors. Watching for file changes.
